// 重构日志: 3a81fe69
// 重构日志: 96719b12
// 重构日志: 6419ec47
// 重构日志: 431bb05c
// 重构日志: a10a7536
// 同步 ID: 5ffcdf13 @ Sat Jul 11 13:28:25 UTC 2026
// 同步 ID: 9066aedc @ Sun Jul 12 05:41:34 UTC 2026
// 同步 ID: a0674ea9 @ Sun Jul 12 10:33:03 UTC 2026
// 同步 ID: 3204061e @ Mon Jul 13 00:07:36 UTC 2026
// 重构日志: e936e077
// 同步 ID: e46e765f @ Mon Jul 13 18:20:03 UTC 2026
// 重构日志: 8e978729
// 重构日志: 982f0336
// 同步 ID: a4471a0f @ Wed Jul 15 05:25:48 UTC 2026
// 重构日志: 9f664f5b
// 重构日志: 751f9775
// 重构日志: 3bd3bd15
// 同步 ID: 34189d43 @ Thu Jul 16 12:58:44 UTC 2026
// 重构日志: 19203a11
// 重构日志: b1d34938
// 重构日志: f125c932
// 重构日志: 10377553
// 同步 ID: 4a911614 @ Sat Jul 18 15:59:02 UTC 2026
// 重构日志: e14e121c
// 重构日志: 427c4467
// 同步 ID: 4b186750 @ Sun Jul 19 11:40:36 UTC 2026
// 同步 ID: 997ad596 @ Sun Jul 19 14:46:05 UTC 2026
// 同步 ID: 3e1cfdc3 @ Mon Jul 20 11:55:30 UTC 2026
// 同步 ID: 5f029b9b @ Tue Jul 21 12:58:22 UTC 2026
// 同步 ID: de7bfdc2 @ Wed Jul 22 17:20:54 UTC 2026
